<?xml version="1.0" encoding="UTF-8"?>
<!-- Generated by org.testng.reporters.JUnitReportReporter -->
<testsuite hostname="DESKTOP-85AIAV1" failures="0" tests="3" name="com.CRM.TestCases.HomePageTest" time="1.174" errors="0" timestamp="2024-03-27T21:22:39 IST" skipped="0">
  <testcase classname="com.CRM.TestCases.HomePageTest" name="verifyUrl" time="0.037"/>
  <system-out/>
  <testcase classname="com.CRM.TestCases.HomePageTest" name="verifyTitle" time="0.052"/>
  <system-out/>
  <testcase classname="com.CRM.TestCases.HomePageTest" name="verifySignIn" time="1.085"/>
  <system-out/>
</testsuite> <!-- com.CRM.TestCases.HomePageTest -->
